Using pre-set license
Built from '2022.3/staging' branch; Version is '2022.3.7f1 (b16b3b16c7a0) revision 11627323'; Using compiler version '192829333'; Build Type 'Release'
OS: 'Windows 10  (10.0.19045) 64bit Professional' Language: 'ru' Physical Memory: 16332 MB
BatchMode: 1, IsHumanControllingUs: 0, StartBugReporterOnCrash: 0, Is64bit: 1, IsPro: 1

COMMAND LINE ARGUMENTS:
C:\Program Files\Unity\Hub\Editor\2022.3.7f1\Editor\Unity.exe
-adb2
-batchMode
-noUpm
-name
AssetImportWorker0
-projectPath
C:/Users/Лиза/OneDrive/Документы/GitHub/TechDesignTestProject/TechDesign
-logFile
Logs/AssetImportWorker0.log
-srvPort
52555
Successfully changed project path to: C:/Users/Лиза/OneDrive/Документы/GitHub/TechDesignTestProject/TechDesign
C:/Users/Лиза/OneDrive/Документы/GitHub/TechDesignTestProject/TechDesign
[UnityMemory] Configuration Parameters - Can be set up in boot.config
    "memorysetup-bucket-allocator-granularity=16"
    "memorysetup-bucket-allocator-bucket-count=8"
    "memorysetup-bucket-allocator-block-size=33554432"
    "memorysetup-bucket-allocator-block-count=8"
    "memorysetup-main-allocator-block-size=16777216"
    "memorysetup-thread-allocator-block-size=16777216"
    "memorysetup-gfx-main-allocator-block-size=16777216"
    "memorysetup-gfx-thread-allocator-block-size=16777216"
    "memorysetup-cache-allocator-block-size=4194304"
    "memorysetup-typetree-allocator-block-size=2097152"
    "memorysetup-profiler-bucket-allocator-granularity=16"
    "memorysetup-profiler-bucket-allocator-bucket-count=8"
    "memorysetup-profiler-bucket-allocator-block-size=33554432"
    "memorysetup-profiler-bucket-allocator-block-count=8"
    "memorysetup-profiler-allocator-block-size=16777216"
    "memorysetup-profiler-editor-allocator-block-size=1048576"
    "memorysetup-temp-allocator-size-main=16777216"
    "memorysetup-job-temp-allocator-block-size=2097152"
    "memorysetup-job-temp-allocator-block-size-background=1048576"
    "memorysetup-job-temp-allocator-reduction-small-platforms=262144"
    "memorysetup-allocator-temp-initial-block-size-main=262144"
    "memorysetup-allocator-temp-initial-block-size-worker=262144"
    "memorysetup-temp-allocator-size-background-worker=32768"
    "memorysetup-temp-allocator-size-job-worker=262144"
    "memorysetup-temp-allocator-size-preload-manager=33554432"
    "memorysetup-temp-allocator-size-nav-mesh-worker=65536"
    "memorysetup-temp-allocator-size-audio-worker=65536"
    "memorysetup-temp-allocator-size-cloud-worker=32768"
    "memorysetup-temp-allocator-size-gi-baking-worker=262144"
    "memorysetup-temp-allocator-size-gfx=262144"
Player connection [22220] Host "[IP] 192.168.1.23 [Port] 0 [Flags] 2 [Guid] 2525559053 [EditorId] 2525559053 [Version] 1048832 [Id] WindowsEditor(7,DESKTOP-LUMA803) [Debug] 1 [PackageName] WindowsEditor [ProjectName] Editor" joined multi-casting on [225.0.0.222:54997]...

Player connection [22220] Host "[IP] 192.168.1.23 [Port] 0 [Flags] 2 [Guid] 2525559053 [EditorId] 2525559053 [Version] 1048832 [Id] WindowsEditor(7,DESKTOP-LUMA803) [Debug] 1 [PackageName] WindowsEditor [ProjectName] Editor" joined alternative multi-casting on [225.0.0.222:34997]...

Refreshing native plugins compatible for Editor in 6.69 ms, found 3 plugins.
Preloading 0 native plugins for Editor in 0.00 ms.
Initialize engine version: 2022.3.7f1 (b16b3b16c7a0)
[Subsystems] Discovering subsystems at path C:/Program Files/Unity/Hub/Editor/2022.3.7f1/Editor/Data/Resources/UnitySubsystems
[Subsystems] Discovering subsystems at path C:/Users/Лиза/OneDrive/Документы/GitHub/TechDesignTestProject/TechDesign/Assets
GfxDevice: creating device client; threaded=0; jobified=0
Direct3D:
    Version:  Direct3D 11.0 [level 11.1]
    Renderer: NVIDIA GeForce GTX 970 (ID=0x13c2)
    Vendor:   NVIDIA
    VRAM:     4037 MB
    Driver:   31.0.15.3623
Initialize mono
Mono path[0] = 'C:/Program Files/Unity/Hub/Editor/2022.3.7f1/Editor/Data/Managed'
Mono path[1] = 'C:/Program Files/Unity/Hub/Editor/2022.3.7f1/Editor/Data/MonoBleedingEdge/lib/mono/unityjit-win32'
Mono config path = 'C:/Program Files/Unity/Hub/Editor/2022.3.7f1/Editor/Data/MonoBleedingEdge/etc'
Using monoOptions --debugger-agent=transport=dt_socket,embedding=1,server=y,suspend=n,address=127.0.0.1:56836
Begin MonoManager ReloadAssembly
Registering precompiled unity dll's ...
Register platform support module: C:/Program Files/Unity/Hub/Editor/2022.3.7f1/Editor/Data/PlaybackEngines/WebGLSupport/UnityEditor.WebGL.Extensions.dll
Register platform support module: C:/Program Files/Unity/Hub/Editor/2022.3.7f1/Editor/Data/PlaybackEngines/WindowsStandaloneSupport/UnityEditor.WindowsStandalone.Extensions.dll
Registered in 0.011868 seconds.
- Loaded All Assemblies, in  0.329 seconds
Native extension for WindowsStandalone target not found
Native extension for WebGL target not found
Mono: successfully reloaded assembly
- Finished resetting the current domain, in  0.227 seconds
Domain Reload Profiling: 554ms
	BeginReloadAssembly (101ms)
		ExecutionOrderSort (0ms)
		DisableScriptedObjects (0ms)
		BackupInstance (0ms)
		ReleaseScriptingObjects (0ms)
		CreateAndSetChildDomain (1ms)
	RebuildCommonClasses (32ms)
	RebuildNativeTypeToScriptingClass (11ms)
	initialDomainReloadingComplete (56ms)
	LoadAllAssembliesAndSetupDomain (127ms)
		LoadAssemblies (100ms)
		RebuildTransferFunctionScriptingTraits (0ms)
		AnalyzeDomain (125ms)
			TypeCache.Refresh (124ms)
				TypeCache.ScanAssembly (112ms)
			ScanForSourceGeneratedMonoScriptInfo (0ms)
			ResolveRequiredComponents (0ms)
	FinalizeReload (227ms)
		ReleaseScriptCaches (0ms)
		RebuildScriptCaches (0ms)
		SetupLoadedEditorAssemblies (175ms)
			LogAssemblyErrors (0ms)
			InitializePlatformSupportModulesInManaged (10ms)
			SetLoadedEditorAssemblies (4ms)
			RefreshPlugins (0ms)
			BeforeProcessingInitializeOnLoad (2ms)
			ProcessInitializeOnLoadAttributes (116ms)
			ProcessInitializeOnLoadMethodAttributes (43ms)
			AfterProcessingInitializeOnLoad (0ms)
			EditorAssembliesLoaded (0ms)
		ExecutionOrderSort2 (0ms)
		AwakeInstancesAfterBackupRestoration (0ms)
========================================================================
Worker process is ready to serve import requests
Begin MonoManager ReloadAssembly
Symbol file LoadedFromMemory doesn't match image C:\Users\Лиза\OneDrive\Документы\GitHub\TechDesignTestProject\TechDesign\Library\PackageCache\com.unity.visualscripting@1.8.0\Editor\VisualScripting.Core\Dependencies\YamlDotNet\Unity.VisualScripting.YamlDotNet.dll
Symbol file LoadedFromMemory doesn't match image C:\Users\Лиза\OneDrive\Документы\GitHub\TechDesignTestProject\TechDesign\Library\PackageCache\com.unity.visualscripting@1.8.0\Editor\VisualScripting.Core\Dependencies\DotNetZip\Unity.VisualScripting.IonicZip.dll
- Loaded All Assemblies, in  0.563 seconds
Refreshing native plugins compatible for Editor in 2.41 ms, found 3 plugins.
Native extension for WindowsStandalone target not found
Native extension for WebGL target not found
Mono: successfully reloaded assembly
- Finished resetting the current domain, in  0.443 seconds
Domain Reload Profiling: 1003ms
	BeginReloadAssembly (130ms)
		ExecutionOrderSort (0ms)
		DisableScriptedObjects (5ms)
		BackupInstance (0ms)
		ReleaseScriptingObjects (0ms)
		CreateAndSetChildDomain (19ms)
	RebuildCommonClasses (31ms)
	RebuildNativeTypeToScriptingClass (10ms)
	initialDomainReloadingComplete (41ms)
	LoadAllAssembliesAndSetupDomain (347ms)
		LoadAssemblies (266ms)
		RebuildTransferFunctionScriptingTraits (0ms)
		AnalyzeDomain (156ms)
			TypeCache.Refresh (138ms)
				TypeCache.ScanAssembly (124ms)
			ScanForSourceGeneratedMonoScriptInfo (13ms)
			ResolveRequiredComponents (3ms)
	FinalizeReload (443ms)
		ReleaseScriptCaches (0ms)
		RebuildScriptCaches (0ms)
		SetupLoadedEditorAssemblies (315ms)
			LogAssemblyErrors (0ms)
			InitializePlatformSupportModulesInManaged (7ms)
			SetLoadedEditorAssemblies (4ms)
			RefreshPlugins (0ms)
			BeforeProcessingInitializeOnLoad (57ms)
			ProcessInitializeOnLoadAttributes (220ms)
			ProcessInitializeOnLoadMethodAttributes (18ms)
			AfterProcessingInitializeOnLoad (9ms)
			EditorAssembliesLoaded (0ms)
		ExecutionOrderSort2 (0ms)
		AwakeInstancesAfterBackupRestoration (6ms)
Launched and connected shader compiler UnityShaderCompiler.exe after 0.04 seconds
Refreshing native plugins compatible for Editor in 4.05 ms, found 3 plugins.
Preloading 0 native plugins for Editor in 0.00 ms.
Unloading 3066 Unused Serialized files (Serialized files now loaded: 0)
Unloading 31 unused Assets / (56.8 KB). Loaded Objects now: 3528.
Memory consumption went from 113.9 MB to 113.8 MB.
Total: 2.990300 ms (FindLiveObjects: 0.277600 ms CreateObjectMapping: 0.076200 ms MarkObjects: 2.532000 ms  DeleteObjects: 0.103400 ms)

AssetImportParameters requested are different than current active one (requested -> active):
  custom:container-demuxer-ogg: 62fdf1f143b41e24485cea50d1cbac27 -> 
  custom:video-decoder-ogg-theora: a1e56fd34408186e4bbccfd4996cb3dc -> 
  custom:framework-win-MediaFoundation: 216162199b28c13a410421893ffa2e32 -> 
  custom:CustomObjectIndexerAttribute: 756ad292c208cfabdd7b50bc23989ffe -> 
  custom:container-demuxer-webm: 4f35f7cbe854078d1ac9338744f61a02 -> 
  custom:container-muxer-webm: aa71ff27fc2769a1b78a27578f13a17b -> 
  custom:video-decoder-webm-vp8: 9c59270c3fd7afecdb556c50c9e8de78 -> 
  custom:SearchIndexIgnoredProperties: e643bd26f0fe6173181afceb89e7c659 -> 
  custom:AudioImporter_EditorPlatform: d09bf68614088b80899f8185d706f6e7 -> 
  custom:video-encoder-webm-vp8: eb34c28f22e8b96e1ab97ce403110664 -> 
  custom:audio-decoder-ogg-vorbis: bf7c407c2cedff20999df2af8eb42d56 -> 
  custom:audio-encoder-webm-vorbis: bf7c407c2cedff20999df2af8eb42d56 -> 
========================================================================
Received Import Request.
  Time since last request: 26533.789751 seconds.
  path: Assets
  artifactKey: Guid(00000000000000001000000000000000) Importer(815301076,1909f56bfc062723c751e8b465ee728b)
Start importing Assets using Guid(00000000000000001000000000000000) Importer(815301076,1909f56bfc062723c751e8b465ee728b)  -> (artifact id: '8a4fe85251aa2e89732c359432baa2c3') in 0.002679 seconds
Number of updated asset objects reloaded before import = 0
Number of asset objects unloaded after import = 0
========================================================================
Received Import Request.
  Time since last request: 7.962680 seconds.
  path: Assets/Sourse
  artifactKey: Guid(8294212f5a82cf747938ff428e7f9322) Importer(815301076,1909f56bfc062723c751e8b465ee728b)
Start importing Assets/Sourse using Guid(8294212f5a82cf747938ff428e7f9322) Importer(815301076,1909f56bfc062723c751e8b465ee728b)  -> (artifact id: 'd791fd440716d842bff23030db1373a0') in 0.000518 seconds
Number of updated asset objects reloaded before import = 0
Number of asset objects unloaded after import = 0
========================================================================
Received Import Request.
  Time since last request: 25.938154 seconds.
  path: Assets/Sourse/Game
  artifactKey: Guid(c9f682745f0a64545b15351a72bc195c) Importer(815301076,1909f56bfc062723c751e8b465ee728b)
Start importing Assets/Sourse/Game using Guid(c9f682745f0a64545b15351a72bc195c) Importer(815301076,1909f56bfc062723c751e8b465ee728b)  -> (artifact id: '629c18e9060e7689a09f22313dd95573') in 0.000427 seconds
Number of updated asset objects reloaded before import = 0
Number of asset objects unloaded after import = 0
========================================================================
Received Import Request.
  Time since last request: 212.086753 seconds.
  path: Assets/Sourse/Game/Image
  artifactKey: Guid(8713da6d8dda4a843a11418609730112) Importer(815301076,1909f56bfc062723c751e8b465ee728b)
Start importing Assets/Sourse/Game/Image using Guid(8713da6d8dda4a843a11418609730112) Importer(815301076,1909f56bfc062723c751e8b465ee728b)  -> (artifact id: 'c2b04fc4c9f8d8594b895e1f330915a3') in 0.000726 seconds
Number of updated asset objects reloaded before import = 0
Number of asset objects unloaded after import = 0
========================================================================
Received Import Request.
  Time since last request: 14.499528 seconds.
  path: Assets/Sourse/Game/Animation
  artifactKey: Guid(1fd0947f221c1f84e9370b403f0110a6) Importer(815301076,1909f56bfc062723c751e8b465ee728b)
Start importing Assets/Sourse/Game/Animation using Guid(1fd0947f221c1f84e9370b403f0110a6) Importer(815301076,1909f56bfc062723c751e8b465ee728b)  -> (artifact id: 'd2ad54810eae0e4ab59f6b72a1b5dc8d') in 0.000400 seconds
Number of updated asset objects reloaded before import = 0
Number of asset objects unloaded after import = 0
========================================================================
Received Import Request.
  Time since last request: 25.333425 seconds.
  path: Assets/Sourse/Game/Audio
  artifactKey: Guid(275b4f26fbdf8704e810ae2f517c906e) Importer(815301076,1909f56bfc062723c751e8b465ee728b)
Start importing Assets/Sourse/Game/Audio using Guid(275b4f26fbdf8704e810ae2f517c906e) Importer(815301076,1909f56bfc062723c751e8b465ee728b)  -> (artifact id: '79e962782a395e724f57fc22382cbdaa') in 0.000423 seconds
Number of updated asset objects reloaded before import = 0
Number of asset objects unloaded after import = 0
========================================================================
Received Import Request.
  Time since last request: 284.818861 seconds.
  path: Assets/Sourse/Game/Image/New Folder
  artifactKey: Guid(74c07ebf30fc8814ba83c2e947087459) Importer(815301076,1909f56bfc062723c751e8b465ee728b)
Start importing Assets/Sourse/Game/Image/New Folder using Guid(74c07ebf30fc8814ba83c2e947087459) Importer(815301076,1909f56bfc062723c751e8b465ee728b)  -> (artifact id: '2a9e56822c884b50cb7498826c097ed4') in 0.000483 seconds
Number of updated asset objects reloaded before import = 0
Number of asset objects unloaded after import = 0
========================================================================
Received Import Request.
  Time since last request: 1.961872 seconds.
  path: Assets/Sourse/Game/Image/background
  artifactKey: Guid(74c07ebf30fc8814ba83c2e947087459) Importer(815301076,1909f56bfc062723c751e8b465ee728b)
Start importing Assets/Sourse/Game/Image/background using Guid(74c07ebf30fc8814ba83c2e947087459) Importer(815301076,1909f56bfc062723c751e8b465ee728b)  -> (artifact id: '6e70a97df42ae7e578f45b7a43814271') in 0.000435 seconds
Number of updated asset objects reloaded before import = 0
Number of asset objects unloaded after import = 0
========================================================================
Received Import Request.
  Time since last request: 6.328617 seconds.
  path: Assets/Sourse/Game/Image/New Folder
  artifactKey: Guid(eb0859c263273d647a88dbc9d6eb208e) Importer(815301076,1909f56bfc062723c751e8b465ee728b)
Start importing Assets/Sourse/Game/Image/New Folder using Guid(eb0859c263273d647a88dbc9d6eb208e) Importer(815301076,1909f56bfc062723c751e8b465ee728b)  -> (artifact id: '16a31ec35e20fffbe436fe0ed1b5e5fb') in 0.000516 seconds
Number of updated asset objects reloaded before import = 0
Number of asset objects unloaded after import = 0
========================================================================
Received Import Request.
  Time since last request: 1.633736 seconds.
  path: Assets/Sourse/Game/Image/static_sprites
  artifactKey: Guid(eb0859c263273d647a88dbc9d6eb208e) Importer(815301076,1909f56bfc062723c751e8b465ee728b)
Start importing Assets/Sourse/Game/Image/static_sprites using Guid(eb0859c263273d647a88dbc9d6eb208e) Importer(815301076,1909f56bfc062723c751e8b465ee728b)  -> (artifact id: '58aeabc5be840ac8e8d127d5d7ee9601') in 0.000431 seconds
Number of updated asset objects reloaded before import = 0
Number of asset objects unloaded after import = 0
========================================================================
Received Import Request.
  Time since last request: 8.159689 seconds.
  path: Assets/Sourse/Game/Image/New Folder
  artifactKey: Guid(4046fa2c855046c4c9d987f3017757c6) Importer(815301076,1909f56bfc062723c751e8b465ee728b)
Start importing Assets/Sourse/Game/Image/New Folder using Guid(4046fa2c855046c4c9d987f3017757c6) Importer(815301076,1909f56bfc062723c751e8b465ee728b)  -> (artifact id: '58a6244f39f07a39104adcea8ab5fd1e') in 0.000483 seconds
Number of updated asset objects reloaded before import = 0
Number of asset objects unloaded after import = 0
========================================================================
Received Import Request.
  Time since last request: 4.299934 seconds.
  path: Assets/Sourse/Game/Image/animation_sprites
  artifactKey: Guid(4046fa2c855046c4c9d987f3017757c6) Importer(815301076,1909f56bfc062723c751e8b465ee728b)
Start importing Assets/Sourse/Game/Image/animation_sprites using Guid(4046fa2c855046c4c9d987f3017757c6) Importer(815301076,1909f56bfc062723c751e8b465ee728b)  -> (artifact id: '230c6e4f67d5b2af7986460f82a9a66e') in 0.000441 seconds
Number of updated asset objects reloaded before import = 0
Number of asset objects unloaded after import = 0
========================================================================
Received Import Request.
  Time since last request: 32.687389 seconds.
  path: Assets/Sourse/Game/Audio/sfx
  artifactKey: Guid(cd787c59750a8c841bf22f91bbb7a77b) Importer(815301076,1909f56bfc062723c751e8b465ee728b)
Start importing Assets/Sourse/Game/Audio/sfx using Guid(cd787c59750a8c841bf22f91bbb7a77b) Importer(815301076,1909f56bfc062723c751e8b465ee728b)  -> (artifact id: '4c29be0fd910ca4d15c8e2705773b89b') in 0.000712 seconds
Number of updated asset objects reloaded before import = 0
Number of asset objects unloaded after import = 0
========================================================================
Received Import Request.
  Time since last request: 8.863117 seconds.
  path: Assets/Sourse/Game/Audio/New Folder
  artifactKey: Guid(f526b62267136a643a0f944de6b4d08d) Importer(815301076,1909f56bfc062723c751e8b465ee728b)
Start importing Assets/Sourse/Game/Audio/New Folder using Guid(f526b62267136a643a0f944de6b4d08d) Importer(815301076,1909f56bfc062723c751e8b465ee728b)  -> (artifact id: '0c8685fb0d828e2e6776e13d62a40521') in 0.000544 seconds
Number of updated asset objects reloaded before import = 0
Number of asset objects unloaded after import = 0
========================================================================
Received Import Request.
  Time since last request: 1.837785 seconds.
  path: Assets/Sourse/Game/Audio/music
  artifactKey: Guid(f526b62267136a643a0f944de6b4d08d) Importer(815301076,1909f56bfc062723c751e8b465ee728b)
Start importing Assets/Sourse/Game/Audio/music using Guid(f526b62267136a643a0f944de6b4d08d) Importer(815301076,1909f56bfc062723c751e8b465ee728b)  -> (artifact id: '7a8838ce8868e46469d8c06dbaa3d1dd') in 0.000491 seconds
Number of updated asset objects reloaded before import = 0
Number of asset objects unloaded after import = 0
========================================================================
Received Import Request.
  Time since last request: 9.901751 seconds.
  path: Assets/Sourse/Game/Audio/New Folder
  artifactKey: Guid(7c9646e098da3fc4da6ddf5a9a212162) Importer(815301076,1909f56bfc062723c751e8b465ee728b)
Start importing Assets/Sourse/Game/Audio/New Folder using Guid(7c9646e098da3fc4da6ddf5a9a212162) Importer(815301076,1909f56bfc062723c751e8b465ee728b)  -> (artifact id: '10178146e930be802a9fdd465350ce18') in 0.000627 seconds
Number of updated asset objects reloaded before import = 0
Number of asset objects unloaded after import = 0
========================================================================
Received Import Request.
  Time since last request: 2.361334 seconds.
  path: Assets/Sourse/Game/Audio/voices
  artifactKey: Guid(7c9646e098da3fc4da6ddf5a9a212162) Importer(815301076,1909f56bfc062723c751e8b465ee728b)
Start importing Assets/Sourse/Game/Audio/voices using Guid(7c9646e098da3fc4da6ddf5a9a212162) Importer(815301076,1909f56bfc062723c751e8b465ee728b)  -> (artifact id: '125fa46c5c7b61b6dd5029f0704e9cd2') in 0.000438 seconds
Number of updated asset objects reloaded before import = 0
Number of asset objects unloaded after import = 0
